


ARM Macro Assembler    Page 1 


    1 00000000                 AREA             Jump ,CODE , READONLY
    2 00000000                 EXPORT           jump
    3 00000000         jump
    4 00000000 4687            MOV              PC , r0
    5 00000002         
    6 00000002                 END
Command Line: --debug --xref --diag_suppress=9931 --cpu=Cortex-M7.fp.dp --apcs=
interwork --depend=..\obj\jump.d -o..\obj\jump.o -ID:\keil5\Packs\Keil\STM32H7x
x_DFP\2.4.0\Drivers\CMSIS\Device\ST\STM32H7xx\Include --predefine="__UVISION_VE
RSION SETA 537" --predefine="STM32H743xx SETA 1" --list=..\obj\jump.lst jump.s



ARM Macro Assembler    Page 1 Alphabetic symbol ordering
Relocatable symbols

Jump 00000000

Symbol: Jump
   Definitions
      At line 1 in file jump.s
   Uses
      None
Comment: Jump unused
jump 00000000

Symbol: jump
   Definitions
      At line 3 in file jump.s
   Uses
      At line 2 in file jump.s
Comment: jump used once
2 symbols
335 symbols in table
