


ARM Macro Assembler    Page 1 


    1 00000000         ;******************** (C) COPYRIGHT 2017 STMicroelectron
                       ics ********************
    2 00000000         ;* File Name          : startup_stm32h743xx.s
    3 00000000         ;* @author  MCD Application Team
    4 00000000         ;* version            : V1.2.0
    5 00000000         ;* Date               : 29-December-2017
    6 00000000         ;* Description        : STM32H7xx devices vector table f
                       or MDK-ARM toolchain. 
    7 00000000         ;*                      This module performs:
    8 00000000         ;*                      - Set the initial SP
    9 00000000         ;*                      - Set the initial PC == Reset_Ha
                       ndler
   10 00000000         ;*                      - Set the vector table entries w
                       ith the exceptions ISR address
   11 00000000         ;*                      - Branches to __main in the C li
                       brary (which eventually
   12 00000000         ;*                        calls main()).
   13 00000000         ;*                      After Reset the Cortex-M process
                       or is in Thread mode,
   14 00000000         ;*                      priority is Privileged, and the 
                       Stack is set to Main.
   15 00000000         ;* <<< Use Configuration Wizard in Context Menu >>>   
   16 00000000         ;*******************************************************
                       ************************
   17 00000000         ; 
   18 00000000         ; Licensed under MCD-ST Liberty SW License Agreement V2,
                        (the "License");
   19 00000000         ; You may not use this file except in compliance with th
                       e License.
   20 00000000         ; You may obtain a copy of the License at:
   21 00000000         ; 
   22 00000000         ;        http://www.st.com/software_license_agreement_li
                       berty_v2
   23 00000000         ; 
   24 00000000         ; Unless required by applicable law or agreed to in writ
                       ing, software 
   25 00000000         ; distributed under the License is distributed on an "AS
                        IS" BASIS, 
   26 00000000         ; WITHOUT WARRANTIES OR CONDITIONS OF ANY KIND, either e
                       xpress or implied.
   27 00000000         ; See the License for the specific language governing pe
                       rmissions and
   28 00000000         ; limitations under the License.
   29 00000000         ; 
   30 00000000         ;*******************************************************
                       ************************
   31 00000000         
   32 00000000         ; Amount of memory (in bytes) allocated for Stack
   33 00000000         ; Tailor this value to your application needs
   34 00000000         ; <h> Stack Configuration
   35 00000000         ;   <o> Stack Size (in Bytes) <0x0-0xFFFFFFFF:8>
   36 00000000         ; </h>
   37 00000000         
   38 00000000         
   39 00000000         ; Vector Table Mapped to Address 0 at Reset
   40 00000000                 AREA             RESET_ram, DATA, READONLY
   41 00000000                 EXPORT           __Vectors_ram
   42 00000000                 EXPORT           __Vectors_End_ram
   43 00000000                 EXPORT           __Vectors_Size_ram



ARM Macro Assembler    Page 2 


   44 00000000         
   45 00000000 00000000 
                       __Vectors_ram
                               DCD              0           ; Top of Stack
   46 00000004 00000000        DCD              0           ; Reset Handler
   47 00000008 00000000        DCD              NMI_Handler ; NMI Handler
   48 0000000C 00000000        DCD              HardFault_Handler ; Hard Fault 
                                                            Handler
   49 00000010 00000000        DCD              MemManage_Handler 
                                                            ; MPU Fault Handler
                                                            
   50 00000014 00000000        DCD              BusFault_Handler 
                                                            ; Bus Fault Handler
                                                            
   51 00000018 00000000        DCD              UsageFault_Handler ; Usage Faul
                                                            t Handler
   52 0000001C 00000000        DCD              0           ; Reserved
   53 00000020 00000000        DCD              0           ; Reserved
   54 00000024 00000000        DCD              0           ; Reserved
   55 00000028 00000000        DCD              0           ; Reserved
   56 0000002C 00000000        DCD              SVC_Handler ; SVCall Handler
   57 00000030 00000000        DCD              DebugMon_Handler ; Debug Monito
                                                            r Handler
   58 00000034 00000000        DCD              0           ; Reserved
   59 00000038 00000000        DCD              PendSV_Handler ; PendSV Handler
                                                            
   60 0000003C 00000000        DCD              SysTick_Handler 
                                                            ; SysTick Handler
   61 00000040         
   62 00000040         ; External Interrupts
   63 00000040 00000000        DCD              WWDG_IRQHandler ; Window WatchD
                                                            og interrupt ( wwdg
                                                            1_it)              
                                                                               
                                                                    
   64 00000044 00000000        DCD              PVD_AVD_IRQHandler ; PVD/AVD th
                                                            rough EXTI Line det
                                                            ection             
                                                                       
   65 00000048 00000000        DCD              TAMP_STAMP_IRQHandler ; Tamper 
                                                            and TimeStamps thro
                                                            ugh the EXTI line  
                                                                      
   66 0000004C 00000000        DCD              RTC_WKUP_IRQHandler ; RTC Wakeu
                                                            p through the EXTI 
                                                            line               
                                                                    
   67 00000050 00000000        DCD              FLASH_IRQHandler ; FLASH       
                                                                               
                                                                             
   68 00000054 00000000        DCD              RCC_IRQHandler ; RCC           
                                                                               
                                                                           
   69 00000058 00000000        DCD              EXTI0_IRQHandler ; EXTI Line0  
                                                                               
                                                                               
                                                                 
   70 0000005C 00000000        DCD              EXTI1_IRQHandler ; EXTI Line1  
                                                                               



ARM Macro Assembler    Page 3 


                                                                               
                                                                 
   71 00000060 00000000        DCD              EXTI2_IRQHandler ; EXTI Line2  
                                                                               
                                                                               
                                                                 
   72 00000064 00000000        DCD              EXTI3_IRQHandler ; EXTI Line3  
                                                                               
                                                                               
                                                                 
   73 00000068 00000000        DCD              EXTI4_IRQHandler ; EXTI Line4 
   74 0000006C 00000000        DCD              DMA1_Stream0_IRQHandler 
                                                            ; DMA1 Stream 0
   75 00000070 00000000        DCD              DMA1_Stream1_IRQHandler ; DMA1 
                                                            Stream 1           
                                                                               
                                                                 
   76 00000074 00000000        DCD              DMA1_Stream2_IRQHandler ; DMA1 
                                                            Stream 2           
                                                                               
                                                                 
   77 00000078 00000000        DCD              DMA1_Stream3_IRQHandler ; DMA1 
                                                            Stream 3           
                                                                               
                                                                 
   78 0000007C 00000000        DCD              DMA1_Stream4_IRQHandler ; DMA1 
                                                            Stream 4           
                                                                               
                                                                 
   79 00000080 00000000        DCD              DMA1_Stream5_IRQHandler ; DMA1 
                                                            Stream 5           
                                                                               
                                                                 
   80 00000084 00000000        DCD              DMA1_Stream6_IRQHandler 
                                                            ; DMA1 Stream 6  
   81 00000088 00000000        DCD              ADC_IRQHandler ; ADC1, ADC2    
                                                                               
                                                                  
   82 0000008C 00000000        DCD              FDCAN1_IT0_IRQHandler ; FDCAN1 
                                                            interrupt line 0   
                                                                               
                                                              
   83 00000090 00000000        DCD              FDCAN2_IT0_IRQHandler ; FDCAN2 
                                                            interrupt line 0   
                                                                               
                                                                     
   84 00000094 00000000        DCD              FDCAN1_IT1_IRQHandler ; FDCAN1 
                                                            interrupt line 1   
                                                                               
                                                              
   85 00000098 00000000        DCD              FDCAN2_IT1_IRQHandler ; FDCAN2 
                                                            interrupt line 1   
                                                                               
                                                                               
                                                                  
   86 0000009C 00000000        DCD              EXTI9_5_IRQHandler ; External L
                                                            ine[9:5]s          
                                                                               
                                                                   



ARM Macro Assembler    Page 4 


   87 000000A0 00000000        DCD              TIM1_BRK_IRQHandler ; TIM1 Brea
                                                            k interrupt        
                                                                       
   88 000000A4 00000000        DCD              TIM1_UP_IRQHandler ; TIM1 Updat
                                                            e Interrupt        
                                                                     
   89 000000A8 00000000        DCD              TIM1_TRG_COM_IRQHandler ; TIM1 
                                                            Trigger and Commuta
                                                            tion Interrupt 
   90 000000AC 00000000        DCD              TIM1_CC_IRQHandler ; TIM1 Captu
                                                            re Compare         
                                                                               
                                                                   
   91 000000B0 00000000        DCD              TIM2_IRQHandler ; TIM2         
                                                                               
                                                                            
   92 000000B4 00000000        DCD              TIM3_IRQHandler ; TIM3         
                                                                               
                                                                            
   93 000000B8 00000000        DCD              TIM4_IRQHandler ; TIM4         
                                                                               
                                                                            
   94 000000BC 00000000        DCD              I2C1_EV_IRQHandler ; I2C1 Event
                                                                               
                                                                               
                                                                   
   95 000000C0 00000000        DCD              I2C1_ER_IRQHandler ; I2C1 Error
                                                                               
                                                                               
                                                                   
   96 000000C4 00000000        DCD              I2C2_EV_IRQHandler ; I2C2 Event
                                                                               
                                                                               
                                                                   
   97 000000C8 00000000        DCD              I2C2_ER_IRQHandler ; I2C2 Error
                                                                               
                                                                               
                                                                     
   98 000000CC 00000000        DCD              SPI1_IRQHandler ; SPI1         
                                                                               
                                                                            
   99 000000D0 00000000        DCD              SPI2_IRQHandler ; SPI2         
                                                                               
                                                                            
  100 000000D4 00000000        DCD              USART1_IRQHandler ; USART1     
                                                                               
                                                                              
  101 000000D8 00000000        DCD              USART2_IRQHandler ; USART2     
                                                                               
                                                                              
  102 000000DC 00000000        DCD              USART3_IRQHandler ; USART3     
                                                                               
                                                                              
  103 000000E0 00000000        DCD              EXTI15_10_IRQHandler ; External
                                                             Line[15:10]  
  104 000000E4 00000000        DCD              RTC_Alarm_IRQHandler ; RTC Alar
                                                            m (A and B) through
                                                             EXTI Line
  105 000000E8 00000000        DCD              0           ; Reserved         



ARM Macro Assembler    Page 5 


                                                                               
                                                                          
  106 000000EC 00000000        DCD              TIM8_BRK_TIM12_IRQHandler ; TIM
                                                            8 Break Interrupt a
                                                            nd TIM12 global int
                                                            errupt             
                                                                
  107 000000F0 00000000        DCD              TIM8_UP_TIM13_IRQHandler ; TIM8
                                                             Update Interrupt a
                                                            nd TIM13 global int
                                                            errupt
  108 000000F4 00000000        DCD              TIM8_TRG_COM_TIM14_IRQHandler ;
                                                             TIM8 Trigger and C
                                                            ommutation Interrup
                                                            t and TIM14 global 
                                                            interrupt
  109 000000F8 00000000        DCD              TIM8_CC_IRQHandler ; TIM8 Captu
                                                            re Compare Interrup
                                                            t
  110 000000FC 00000000        DCD              DMA1_Stream7_IRQHandler ; DMA1 
                                                            Stream7            
                                                                               
                                                                        
  111 00000100 00000000        DCD              FMC_IRQHandler ; FMC           
                                                                              
  112 00000104 00000000        DCD              SDMMC1_IRQHandler ; SDMMC1     
                                                                               
                                                                
  113 00000108 00000000        DCD              TIM5_IRQHandler ; TIM5         
                                                                               
                                                            
  114 0000010C 00000000        DCD              SPI3_IRQHandler ; SPI3         
                                                                               
                                                            
  115 00000110 00000000        DCD              UART4_IRQHandler ; UART4       
                                                                               
                                                             
  116 00000114 00000000        DCD              UART5_IRQHandler ; UART5       
                                                                               
                                                             
  117 00000118 00000000        DCD              TIM6_DAC_IRQHandler ; TIM6 and 
                                                            DAC1&2 underrun err
                                                            ors           
  118 0000011C 00000000        DCD              TIM7_IRQHandler 
                                                            ; TIM7           
  119 00000120 00000000        DCD              DMA2_Stream0_IRQHandler ; DMA2 
                                                            Stream 0           
                                                                    
  120 00000124 00000000        DCD              DMA2_Stream1_IRQHandler ; DMA2 
                                                            Stream 1           
                                                                    
  121 00000128 00000000        DCD              DMA2_Stream2_IRQHandler ; DMA2 
                                                            Stream 2           
                                                                    
  122 0000012C 00000000        DCD              DMA2_Stream3_IRQHandler ; DMA2 
                                                            Stream 3           
                                                                    
  123 00000130 00000000        DCD              DMA2_Stream4_IRQHandler ; DMA2 
                                                            Stream 4           



ARM Macro Assembler    Page 6 


                                                                    
  124 00000134 00000000        DCD              ETH_IRQHandler ; Ethernet      
                                                                              
  125 00000138 00000000        DCD              ETH_WKUP_IRQHandler ; Ethernet 
                                                            Wakeup through EXTI
                                                             line              
                                                            
  126 0000013C 00000000        DCD              FDCAN_CAL_IRQHandler ; FDCAN ca
                                                            libration unit inte
                                                            rrupt              
                                                                      
  127 00000140 00000000        DCD              0           ; Reserved         
                                                                               
                                                              
  128 00000144 00000000        DCD              0           ; Reserved 
  129 00000148 00000000        DCD              0           ; Reserved 
  130 0000014C 00000000        DCD              0           ; Reserved         
                                                                         
  131 00000150 00000000        DCD              DMA2_Stream5_IRQHandler ; DMA2 
                                                            Stream 5           
                                                                    
  132 00000154 00000000        DCD              DMA2_Stream6_IRQHandler ; DMA2 
                                                            Stream 6           
                                                                    
  133 00000158 00000000        DCD              DMA2_Stream7_IRQHandler ; DMA2 
                                                            Stream 7           
                                                                    
  134 0000015C 00000000        DCD              USART6_IRQHandler ; USART6     
                                                                               
                                                               
  135 00000160 00000000        DCD              I2C3_EV_IRQHandler ; I2C3 event
                                                                               
                                                                      
  136 00000164 00000000        DCD              I2C3_ER_IRQHandler ; I2C3 error
                                                                               
                                                                      
  137 00000168 00000000        DCD              OTG_HS_EP1_OUT_IRQHandler ; USB
                                                             OTG HS End Point 1
                                                             Out               
                                                                   
  138 0000016C 00000000        DCD              OTG_HS_EP1_IN_IRQHandler ; USB 
                                                            OTG HS End Point 1 
                                                            In                 
                                                                  
  139 00000170 00000000        DCD              OTG_HS_WKUP_IRQHandler ; USB OT
                                                            G HS Wakeup through
                                                             EXTI              
                                                                       
  140 00000174 00000000        DCD              OTG_HS_IRQHandler ; USB OTG HS 
                                                                               
                                                            
  141 00000178 00000000        DCD              DCMI_IRQHandler ; DCMI         
                                                                               
                                                            
  142 0000017C 00000000        DCD              0           ; Reserved         
                                                                               
                                                                     
  143 00000180 00000000        DCD              RNG_IRQHandler ; Rng
  144 00000184 00000000        DCD              FPU_IRQHandler ; FPU



ARM Macro Assembler    Page 7 


  145 00000188 00000000        DCD              UART7_IRQHandler ; UART7
  146 0000018C 00000000        DCD              UART8_IRQHandler ; UART8
  147 00000190 00000000        DCD              SPI4_IRQHandler ; SPI4
  148 00000194 00000000        DCD              SPI5_IRQHandler ; SPI5
  149 00000198 00000000        DCD              SPI6_IRQHandler ; SPI6
  150 0000019C 00000000        DCD              SAI1_IRQHandler ; SAI1
  151 000001A0 00000000        DCD              LTDC_IRQHandler ; LTDC
  152 000001A4 00000000        DCD              LTDC_ER_IRQHandler ; LTDC error
                                                            
  153 000001A8 00000000        DCD              DMA2D_IRQHandler ; DMA2D
  154 000001AC 00000000        DCD              SAI2_IRQHandler ; SAI2
  155 000001B0 00000000        DCD              QUADSPI_IRQHandler ; QUADSPI
  156 000001B4 00000000        DCD              LPTIM1_IRQHandler ; LPTIM1
  157 000001B8 00000000        DCD              CEC_IRQHandler ; HDMI_CEC
  158 000001BC 00000000        DCD              I2C4_EV_IRQHandler ; I2C4 Event
                                                                               
                                                                      
  159 000001C0 00000000        DCD              I2C4_ER_IRQHandler 
                                                            ; I2C4 Error 
  160 000001C4 00000000        DCD              SPDIF_RX_IRQHandler ; SPDIF_RX
  161 000001C8 00000000        DCD              OTG_FS_EP1_OUT_IRQHandler ; USB
                                                             OTG FS End Point 1
                                                             Out               
                                                                   
  162 000001CC 00000000        DCD              OTG_FS_EP1_IN_IRQHandler ; USB 
                                                            OTG FS End Point 1 
                                                            In                 
                                                                  
  163 000001D0 00000000        DCD              OTG_FS_WKUP_IRQHandler ; USB OT
                                                            G FS Wakeup through
                                                             EXTI              
                                                                       
  164 000001D4 00000000        DCD              OTG_FS_IRQHandler ; USB OTG FS 
                                                                            
  165 000001D8 00000000        DCD              DMAMUX1_OVR_IRQHandler ; DMAMUX
                                                            1 Overrun interrupt
                                                              
  166 000001DC 00000000        DCD              HRTIM1_Master_IRQHandler ; HRTI
                                                            M Master Timer glob
                                                            al Interrupts      
                                                                               
                                                                 
  167 000001E0 00000000        DCD              HRTIM1_TIMA_IRQHandler ; HRTIM 
                                                            Timer A global Inte
                                                            rrupt              
                                                                               
                                                               
  168 000001E4 00000000        DCD              HRTIM1_TIMB_IRQHandler ; HRTIM 
                                                            Timer B global Inte
                                                            rrupt              
                                                                               
                                                               
  169 000001E8 00000000        DCD              HRTIM1_TIMC_IRQHandler ; HRTIM 
                                                            Timer C global Inte
                                                            rrupt              
                                                                               
                                                               
  170 000001EC 00000000        DCD              HRTIM1_TIMD_IRQHandler ; HRTIM 
                                                            Timer D global Inte



ARM Macro Assembler    Page 8 


                                                            rrupt              
                                                                               
                                                               
  171 000001F0 00000000        DCD              HRTIM1_TIME_IRQHandler ; HRTIM 
                                                            Timer E global Inte
                                                            rrupt              
                                                                               
                                                               
  172 000001F4 00000000        DCD              HRTIM1_FLT_IRQHandler ; HRTIM F
                                                            ault global Interru
                                                            pt 
  173 000001F8 00000000        DCD              DFSDM1_FLT0_IRQHandler ; DFSDM 
                                                            Filter0 Interrupt  
                                                             
  174 000001FC 00000000        DCD              DFSDM1_FLT1_IRQHandler ; DFSDM 
                                                            Filter1 Interrupt  
                                                                               
                                                                               
                                                                
  175 00000200 00000000        DCD              DFSDM1_FLT2_IRQHandler ; DFSDM 
                                                            Filter2 Interrupt  
                                                                               
                                                                               
                                                                
  176 00000204 00000000        DCD              DFSDM1_FLT3_IRQHandler ; DFSDM 
                                                            Filter3 Interrupt  
                                                                               
                                                                               
                                                                               
                                                                               
                                                                  
  177 00000208 00000000        DCD              SAI3_IRQHandler ; SAI3 global I
                                                            nterrupt           
                                                                               
                                                                           
  178 0000020C 00000000        DCD              SWPMI1_IRQHandler ; Serial Wire
                                                             Interface 1 global
                                                             interrupt         
                                                                             
  179 00000210 00000000        DCD              TIM15_IRQHandler ; TIM15 global
                                                             Interrupt         
                                                                               
                                                                            
  180 00000214 00000000        DCD              TIM16_IRQHandler ; TIM16 global
                                                             Interrupt         
                                                                               
                                                                            
  181 00000218 00000000        DCD              TIM17_IRQHandler ; TIM17 global
                                                             Interrupt         
                                                                               
                                                                            
  182 0000021C 00000000        DCD              MDIOS_WKUP_IRQHandler ; MDIOS W
                                                            akeup  Interrupt   
                                                                               
                                                                               
                                                              
  183 00000220 00000000        DCD              MDIOS_IRQHandler ; MDIOS global
                                                             Interrupt         
                                                                               



ARM Macro Assembler    Page 9 


                                                                            
  184 00000224 00000000        DCD              JPEG_IRQHandler ; JPEG global I
                                                            nterrupt           
                                                                               
                                                                           
  185 00000228 00000000        DCD              MDMA_IRQHandler ; MDMA global I
                                                            nterrupt           
                                                                               
                                                                           
  186 0000022C 00000000        DCD              0           ; Reserved         
                                                                               
                                                                               
                                                            
  187 00000230 00000000        DCD              SDMMC2_IRQHandler ; SDMMC2 glob
                                                            al Interrupt       
                                                                               
                                                                             
  188 00000234 00000000        DCD              HSEM1_IRQHandler ; HSEM1 global
                                                             Interrupt         
                                                                               
                                                                             
  189 00000238 00000000        DCD              0           ; Reserved         
                                                                               
                                                                              
  190 0000023C 00000000        DCD              ADC3_IRQHandler ; ADC3 global I
                                                            nterrupt           
                                                                               
                                                                            
  191 00000240 00000000        DCD              DMAMUX2_OVR_IRQHandler ; DMAMUX
                                                             Overrun interrupt 
                                                                               
                                                                               
                                                                
  192 00000244 00000000        DCD              BDMA_Channel0_IRQHandler ; BDMA
                                                             Channel 0 global I
                                                            nterrupt           
                                                                               
                                                                  
  193 00000248 00000000        DCD              BDMA_Channel1_IRQHandler ; BDMA
                                                             Channel 1 global I
                                                            nterrupt           
                                                                               
                                                                  
  194 0000024C 00000000        DCD              BDMA_Channel2_IRQHandler ; BDMA
                                                             Channel 2 global I
                                                            nterrupt           
                                                                               
                                                                  
  195 00000250 00000000        DCD              BDMA_Channel3_IRQHandler ; BDMA
                                                             Channel 3 global I
                                                            nterrupt           
                                                                               
                                                                  
  196 00000254 00000000        DCD              BDMA_Channel4_IRQHandler ; BDMA
                                                             Channel 4 global I
                                                            nterrupt           
                                                                               
                                                                  
  197 00000258 00000000        DCD              BDMA_Channel5_IRQHandler ; BDMA



ARM Macro Assembler    Page 10 


                                                             Channel 5 global I
                                                            nterrupt           
                                                                               
                                                                  
  198 0000025C 00000000        DCD              BDMA_Channel6_IRQHandler ; BDMA
                                                             Channel 6 global I
                                                            nterrupt           
                                                                               
                                                                  
  199 00000260 00000000        DCD              BDMA_Channel7_IRQHandler ; BDMA
                                                             Channel 7 global I
                                                            nterrupt           
                                                                               
                                                                  
  200 00000264 00000000        DCD              COMP1_IRQHandler ; COMP1 global
                                                             Interrupt         
                                                                               
                                                                            
  201 00000268 00000000        DCD              LPTIM2_IRQHandler ; LP TIM2 glo
                                                            bal interrupt      
                                                                               
                                                                             
  202 0000026C 00000000        DCD              LPTIM3_IRQHandler ; LP TIM3 glo
                                                            bal interrupt      
                                                                               
                                                                             
  203 00000270 00000000        DCD              LPTIM4_IRQHandler ; LP TIM4 glo
                                                            bal interrupt      
                                                                               
                                                                             
  204 00000274 00000000        DCD              LPTIM5_IRQHandler ; LP TIM5 glo
                                                            bal interrupt      
                                                                               
                                                                             
  205 00000278 00000000        DCD              LPUART1_IRQHandler ; LP UART1 i
                                                            nterrupt           
                                                                               
                                                                              
  206 0000027C 00000000        DCD              0           ; Reserved         
                                                                               
                                                                               
                                                                               
                                                                        
  207 00000280 00000000        DCD              CRS_IRQHandler ; Clock Recovery
                                                             Global Interrupt  
                                                                               
                                                                          
  208 00000284 00000000        DCD              0           ; Reserved         
                                                                               
                                                                              
  209 00000288 00000000        DCD              SAI4_IRQHandler ; SAI4 global i
                                                            nterrupt           
                                                                               
                                                                              
  210 0000028C 00000000        DCD              0           ; Reserved         
                                                                               
                                                                 
  211 00000290 00000000        DCD              0           ; Reserved         
                                                                               



ARM Macro Assembler    Page 11 


                                                                    
  212 00000294 00000000        DCD              WAKEUP_PIN_IRQHandler ; Interru
                                                            pt for all 6 wake-u
                                                            p pins 
  213 00000298         
  214 00000298         
  215 00000298         __Vectors_End_ram
  216 00000298         
  217 00000298 00000298 
                       __Vectors_Size_ram
                               EQU              __Vectors_End_ram - __Vectors_r
am
  218 00000298         
  219 00000298                 AREA             |.text|, CODE, READONLY
  220 00000000                 IMPORT           NMI_Handler
  221 00000000                 IMPORT           HardFault_Handler
  222 00000000                 IMPORT           MemManage_Handler
  223 00000000                 IMPORT           BusFault_Handler
  224 00000000                 IMPORT           UsageFault_Handler
  225 00000000                 IMPORT           SVC_Handler
  226 00000000                 IMPORT           DebugMon_Handler
  227 00000000                 IMPORT           PendSV_Handler
  228 00000000                 IMPORT           SysTick_Handler
  229 00000000         
  230 00000000                 IMPORT           WWDG_IRQHandler
  231 00000000                 IMPORT           PVD_AVD_IRQHandler
  232 00000000                 IMPORT           TAMP_STAMP_IRQHandler
  233 00000000                 IMPORT           RTC_WKUP_IRQHandler
  234 00000000                 IMPORT           FLASH_IRQHandler
  235 00000000                 IMPORT           RCC_IRQHandler
  236 00000000                 IMPORT           EXTI0_IRQHandler
  237 00000000                 IMPORT           EXTI1_IRQHandler
  238 00000000                 IMPORT           EXTI2_IRQHandler
  239 00000000                 IMPORT           EXTI3_IRQHandler
  240 00000000                 IMPORT           EXTI4_IRQHandler
  241 00000000                 IMPORT           DMA1_Stream0_IRQHandler
  242 00000000                 IMPORT           DMA1_Stream1_IRQHandler
  243 00000000                 IMPORT           DMA1_Stream2_IRQHandler
  244 00000000                 IMPORT           DMA1_Stream3_IRQHandler
  245 00000000                 IMPORT           DMA1_Stream4_IRQHandler
  246 00000000                 IMPORT           DMA1_Stream5_IRQHandler
  247 00000000                 IMPORT           DMA1_Stream6_IRQHandler
  248 00000000                 IMPORT           ADC_IRQHandler
  249 00000000                 IMPORT           FDCAN1_IT0_IRQHandler
  250 00000000                 IMPORT           FDCAN2_IT0_IRQHandler
  251 00000000                 IMPORT           FDCAN1_IT1_IRQHandler
  252 00000000                 IMPORT           FDCAN2_IT1_IRQHandler
  253 00000000                 IMPORT           EXTI9_5_IRQHandler
  254 00000000                 IMPORT           TIM1_BRK_IRQHandler
  255 00000000                 IMPORT           TIM1_UP_IRQHandler
  256 00000000                 IMPORT           TIM1_TRG_COM_IRQHandler
  257 00000000                 IMPORT           TIM1_CC_IRQHandler
  258 00000000                 IMPORT           TIM2_IRQHandler
  259 00000000                 IMPORT           TIM3_IRQHandler
  260 00000000                 IMPORT           TIM4_IRQHandler
  261 00000000                 IMPORT           I2C1_EV_IRQHandler
  262 00000000                 IMPORT           I2C1_ER_IRQHandler
  263 00000000                 IMPORT           I2C2_EV_IRQHandler
  264 00000000                 IMPORT           I2C2_ER_IRQHandler



ARM Macro Assembler    Page 12 


  265 00000000                 IMPORT           SPI1_IRQHandler
  266 00000000                 IMPORT           SPI2_IRQHandler
  267 00000000                 IMPORT           USART1_IRQHandler
  268 00000000                 IMPORT           USART2_IRQHandler
  269 00000000                 IMPORT           USART3_IRQHandler
  270 00000000                 IMPORT           EXTI15_10_IRQHandler
  271 00000000                 IMPORT           RTC_Alarm_IRQHandler
  272 00000000                 IMPORT           TIM8_BRK_TIM12_IRQHandler
  273 00000000                 IMPORT           TIM8_UP_TIM13_IRQHandler
  274 00000000                 IMPORT           TIM8_TRG_COM_TIM14_IRQHandler
  275 00000000                 IMPORT           TIM8_CC_IRQHandler
  276 00000000                 IMPORT           DMA1_Stream7_IRQHandler
  277 00000000                 IMPORT           FMC_IRQHandler
  278 00000000                 IMPORT           SDMMC1_IRQHandler
  279 00000000                 IMPORT           TIM5_IRQHandler
  280 00000000                 IMPORT           SPI3_IRQHandler
  281 00000000                 IMPORT           UART4_IRQHandler
  282 00000000                 IMPORT           UART5_IRQHandler
  283 00000000                 IMPORT           TIM6_DAC_IRQHandler
  284 00000000                 IMPORT           TIM7_IRQHandler
  285 00000000                 IMPORT           DMA2_Stream0_IRQHandler
  286 00000000                 IMPORT           DMA2_Stream1_IRQHandler
  287 00000000                 IMPORT           DMA2_Stream2_IRQHandler
  288 00000000                 IMPORT           DMA2_Stream3_IRQHandler
  289 00000000                 IMPORT           DMA2_Stream4_IRQHandler
  290 00000000                 IMPORT           ETH_IRQHandler
  291 00000000                 IMPORT           ETH_WKUP_IRQHandler
  292 00000000                 IMPORT           FDCAN_CAL_IRQHandler
  293 00000000                 IMPORT           DMA2_Stream5_IRQHandler
  294 00000000                 IMPORT           DMA2_Stream6_IRQHandler
  295 00000000                 IMPORT           DMA2_Stream7_IRQHandler
  296 00000000                 IMPORT           USART6_IRQHandler
  297 00000000                 IMPORT           I2C3_EV_IRQHandler
  298 00000000                 IMPORT           I2C3_ER_IRQHandler
  299 00000000                 IMPORT           OTG_HS_EP1_OUT_IRQHandler
  300 00000000                 IMPORT           OTG_HS_EP1_IN_IRQHandler
  301 00000000                 IMPORT           OTG_HS_WKUP_IRQHandler
  302 00000000                 IMPORT           OTG_HS_IRQHandler
  303 00000000                 IMPORT           DCMI_IRQHandler
  304 00000000                 IMPORT           RNG_IRQHandler
  305 00000000                 IMPORT           FPU_IRQHandler
  306 00000000                 IMPORT           UART7_IRQHandler
  307 00000000                 IMPORT           UART8_IRQHandler
  308 00000000                 IMPORT           SPI4_IRQHandler
  309 00000000                 IMPORT           SPI5_IRQHandler
  310 00000000                 IMPORT           SPI6_IRQHandler
  311 00000000                 IMPORT           SAI1_IRQHandler
  312 00000000                 IMPORT           LTDC_IRQHandler
  313 00000000                 IMPORT           LTDC_ER_IRQHandler
  314 00000000                 IMPORT           DMA2D_IRQHandler
  315 00000000                 IMPORT           SAI2_IRQHandler
  316 00000000                 IMPORT           QUADSPI_IRQHandler
  317 00000000                 IMPORT           LPTIM1_IRQHandler
  318 00000000                 IMPORT           CEC_IRQHandler
  319 00000000                 IMPORT           I2C4_EV_IRQHandler
  320 00000000                 IMPORT           I2C4_ER_IRQHandler
  321 00000000                 IMPORT           SPDIF_RX_IRQHandler
  322 00000000                 IMPORT           OTG_FS_EP1_OUT_IRQHandler
  323 00000000                 IMPORT           OTG_FS_EP1_IN_IRQHandler



ARM Macro Assembler    Page 13 


  324 00000000                 IMPORT           OTG_FS_WKUP_IRQHandler
  325 00000000                 IMPORT           OTG_FS_IRQHandler
  326 00000000                 IMPORT           DMAMUX1_OVR_IRQHandler
  327 00000000                 IMPORT           HRTIM1_Master_IRQHandler
  328 00000000                 IMPORT           HRTIM1_TIMA_IRQHandler
  329 00000000                 IMPORT           HRTIM1_TIMB_IRQHandler
  330 00000000                 IMPORT           HRTIM1_TIMC_IRQHandler
  331 00000000                 IMPORT           HRTIM1_TIMD_IRQHandler
  332 00000000                 IMPORT           HRTIM1_TIME_IRQHandler
  333 00000000                 IMPORT           HRTIM1_FLT_IRQHandler
  334 00000000                 IMPORT           DFSDM1_FLT0_IRQHandler
  335 00000000                 IMPORT           DFSDM1_FLT1_IRQHandler
  336 00000000                 IMPORT           DFSDM1_FLT2_IRQHandler
  337 00000000                 IMPORT           DFSDM1_FLT3_IRQHandler
  338 00000000                 IMPORT           SAI3_IRQHandler
  339 00000000                 IMPORT           SWPMI1_IRQHandler
  340 00000000                 IMPORT           TIM15_IRQHandler
  341 00000000                 IMPORT           TIM16_IRQHandler
  342 00000000                 IMPORT           TIM17_IRQHandler
  343 00000000                 IMPORT           MDIOS_WKUP_IRQHandler
  344 00000000                 IMPORT           MDIOS_IRQHandler
  345 00000000                 IMPORT           JPEG_IRQHandler
  346 00000000                 IMPORT           MDMA_IRQHandler
  347 00000000                 IMPORT           SDMMC2_IRQHandler
  348 00000000                 IMPORT           HSEM1_IRQHandler
  349 00000000                 IMPORT           ADC3_IRQHandler
  350 00000000                 IMPORT           DMAMUX2_OVR_IRQHandler
  351 00000000                 IMPORT           BDMA_Channel0_IRQHandler
  352 00000000                 IMPORT           BDMA_Channel1_IRQHandler
  353 00000000                 IMPORT           BDMA_Channel2_IRQHandler
  354 00000000                 IMPORT           BDMA_Channel3_IRQHandler
  355 00000000                 IMPORT           BDMA_Channel4_IRQHandler
  356 00000000                 IMPORT           BDMA_Channel5_IRQHandler
  357 00000000                 IMPORT           BDMA_Channel6_IRQHandler
  358 00000000                 IMPORT           BDMA_Channel7_IRQHandler
  359 00000000                 IMPORT           COMP1_IRQHandler
  360 00000000                 IMPORT           LPTIM2_IRQHandler
  361 00000000                 IMPORT           LPTIM3_IRQHandler
  362 00000000                 IMPORT           LPTIM4_IRQHandler
  363 00000000                 IMPORT           LPTIM5_IRQHandler
  364 00000000                 IMPORT           LPUART1_IRQHandler
  365 00000000                 IMPORT           CRS_IRQHandler
  366 00000000                 IMPORT           SAI4_IRQHandler
  367 00000000                 IMPORT           WAKEUP_PIN_IRQHandler
  368 00000000         
  369 00000000         END
  370 00000000         
                       
Command Line: --debug --xref --diag_suppress=9931 --cpu=Cortex-M7.fp.dp --apcs=
interwork --depend=..\obj\startup_stm32h743xx_ram.d -o..\obj\startup_stm32h743x
x_ram.o -ID:\keil5\Packs\Keil\STM32H7xx_DFP\2.4.0\Drivers\CMSIS\Device\ST\STM32
H7xx\Include --predefine="__EVAL SETA 1" --predefine="__UVISION_VERSION SETA 53
7" --predefine="STM32H743xx SETA 1" --list=..\obj\startup_stm32h743xx_ram.lst .
.\CORE\startup_stm32h743xx_ram.s



ARM Macro Assembler    Page 1 Alphabetic symbol ordering
Relocatable symbols

RESET_ram 00000000

Symbol: RESET_ram
   Definitions
      At line 40 in file ..\CORE\startup_stm32h743xx_ram.s
   Uses
      None
Comment: RESET_ram unused
__Vectors_End_ram 00000298

Symbol: __Vectors_End_ram
   Definitions
      At line 215 in file ..\CORE\startup_stm32h743xx_ram.s
   Uses
      At line 42 in file ..\CORE\startup_stm32h743xx_ram.s
      At line 217 in file ..\CORE\startup_stm32h743xx_ram.s

__Vectors_ram 00000000

Symbol: __Vectors_ram
   Definitions
      At line 45 in file ..\CORE\startup_stm32h743xx_ram.s
   Uses
      At line 41 in file ..\CORE\startup_stm32h743xx_ram.s
      At line 217 in file ..\CORE\startup_stm32h743xx_ram.s

3 symbols



ARM Macro Assembler    Page 1 Alphabetic symbol ordering
Relocatable symbols

.text 00000000

Symbol: .text
   Definitions
      At line 219 in file ..\CORE\startup_stm32h743xx_ram.s
   Uses
      None
Comment: .text unused
END 00000000

Symbol: END
   Definitions
      At line 369 in file ..\CORE\startup_stm32h743xx_ram.s
   Uses
      None
Comment: END unused
2 symbols



ARM Macro Assembler    Page 1 Alphabetic symbol ordering
Absolute symbols

__Vectors_Size_ram 00000298

Symbol: __Vectors_Size_ram
   Definitions
      At line 217 in file ..\CORE\startup_stm32h743xx_ram.s
   Uses
      At line 43 in file ..\CORE\startup_stm32h743xx_ram.s
Comment: __Vectors_Size_ram used once
1 symbol



ARM Macro Assembler    Page 1 Alphabetic symbol ordering
External symbols

ADC3_IRQHandler 00000000

Symbol: ADC3_IRQHandler
   Definitions
      At line 349 in file ..\CORE\startup_stm32h743xx_ram.s
   Uses
      At line 190 in file ..\CORE\startup_stm32h743xx_ram.s
Comment: ADC3_IRQHandler used once
ADC_IRQHandler 00000000

Symbol: ADC_IRQHandler
   Definitions
      At line 248 in file ..\CORE\startup_stm32h743xx_ram.s
   Uses
      At line 81 in file ..\CORE\startup_stm32h743xx_ram.s
Comment: ADC_IRQHandler used once
BDMA_Channel0_IRQHandler 00000000

Symbol: BDMA_Channel0_IRQHandler
   Definitions
      At line 351 in file ..\CORE\startup_stm32h743xx_ram.s
   Uses
      At line 192 in file ..\CORE\startup_stm32h743xx_ram.s
Comment: BDMA_Channel0_IRQHandler used once
BDMA_Channel1_IRQHandler 00000000

Symbol: BDMA_Channel1_IRQHandler
   Definitions
      At line 352 in file ..\CORE\startup_stm32h743xx_ram.s
   Uses
      At line 193 in file ..\CORE\startup_stm32h743xx_ram.s
Comment: BDMA_Channel1_IRQHandler used once
BDMA_Channel2_IRQHandler 00000000

Symbol: BDMA_Channel2_IRQHandler
   Definitions
      At line 353 in file ..\CORE\startup_stm32h743xx_ram.s
   Uses
      At line 194 in file ..\CORE\startup_stm32h743xx_ram.s
Comment: BDMA_Channel2_IRQHandler used once
BDMA_Channel3_IRQHandler 00000000

Symbol: BDMA_Channel3_IRQHandler
   Definitions
      At line 354 in file ..\CORE\startup_stm32h743xx_ram.s
   Uses
      At line 195 in file ..\CORE\startup_stm32h743xx_ram.s
Comment: BDMA_Channel3_IRQHandler used once
BDMA_Channel4_IRQHandler 00000000

Symbol: BDMA_Channel4_IRQHandler
   Definitions
      At line 355 in file ..\CORE\startup_stm32h743xx_ram.s
   Uses
      At line 196 in file ..\CORE\startup_stm32h743xx_ram.s
Comment: BDMA_Channel4_IRQHandler used once
BDMA_Channel5_IRQHandler 00000000

Symbol: BDMA_Channel5_IRQHandler



ARM Macro Assembler    Page 2 Alphabetic symbol ordering
External symbols

   Definitions
      At line 356 in file ..\CORE\startup_stm32h743xx_ram.s
   Uses
      At line 197 in file ..\CORE\startup_stm32h743xx_ram.s
Comment: BDMA_Channel5_IRQHandler used once
BDMA_Channel6_IRQHandler 00000000

Symbol: BDMA_Channel6_IRQHandler
   Definitions
      At line 357 in file ..\CORE\startup_stm32h743xx_ram.s
   Uses
      At line 198 in file ..\CORE\startup_stm32h743xx_ram.s
Comment: BDMA_Channel6_IRQHandler used once
BDMA_Channel7_IRQHandler 00000000

Symbol: BDMA_Channel7_IRQHandler
   Definitions
      At line 358 in file ..\CORE\startup_stm32h743xx_ram.s
   Uses
      At line 199 in file ..\CORE\startup_stm32h743xx_ram.s
Comment: BDMA_Channel7_IRQHandler used once
BusFault_Handler 00000000

Symbol: BusFault_Handler
   Definitions
      At line 223 in file ..\CORE\startup_stm32h743xx_ram.s
   Uses
      At line 50 in file ..\CORE\startup_stm32h743xx_ram.s
Comment: BusFault_Handler used once
CEC_IRQHandler 00000000

Symbol: CEC_IRQHandler
   Definitions
      At line 318 in file ..\CORE\startup_stm32h743xx_ram.s
   Uses
      At line 157 in file ..\CORE\startup_stm32h743xx_ram.s
Comment: CEC_IRQHandler used once
COMP1_IRQHandler 00000000

Symbol: COMP1_IRQHandler
   Definitions
      At line 359 in file ..\CORE\startup_stm32h743xx_ram.s
   Uses
      At line 200 in file ..\CORE\startup_stm32h743xx_ram.s
Comment: COMP1_IRQHandler used once
CRS_IRQHandler 00000000

Symbol: CRS_IRQHandler
   Definitions
      At line 365 in file ..\CORE\startup_stm32h743xx_ram.s
   Uses
      At line 207 in file ..\CORE\startup_stm32h743xx_ram.s
Comment: CRS_IRQHandler used once
DCMI_IRQHandler 00000000

Symbol: DCMI_IRQHandler
   Definitions
      At line 303 in file ..\CORE\startup_stm32h743xx_ram.s
   Uses



ARM Macro Assembler    Page 3 Alphabetic symbol ordering
External symbols

      At line 141 in file ..\CORE\startup_stm32h743xx_ram.s
Comment: DCMI_IRQHandler used once
DFSDM1_FLT0_IRQHandler 00000000

Symbol: DFSDM1_FLT0_IRQHandler
   Definitions
      At line 334 in file ..\CORE\startup_stm32h743xx_ram.s
   Uses
      At line 173 in file ..\CORE\startup_stm32h743xx_ram.s
Comment: DFSDM1_FLT0_IRQHandler used once
DFSDM1_FLT1_IRQHandler 00000000

Symbol: DFSDM1_FLT1_IRQHandler
   Definitions
      At line 335 in file ..\CORE\startup_stm32h743xx_ram.s
   Uses
      At line 174 in file ..\CORE\startup_stm32h743xx_ram.s
Comment: DFSDM1_FLT1_IRQHandler used once
DFSDM1_FLT2_IRQHandler 00000000

Symbol: DFSDM1_FLT2_IRQHandler
   Definitions
      At line 336 in file ..\CORE\startup_stm32h743xx_ram.s
   Uses
      At line 175 in file ..\CORE\startup_stm32h743xx_ram.s
Comment: DFSDM1_FLT2_IRQHandler used once
DFSDM1_FLT3_IRQHandler 00000000

Symbol: DFSDM1_FLT3_IRQHandler
   Definitions
      At line 337 in file ..\CORE\startup_stm32h743xx_ram.s
   Uses
      At line 176 in file ..\CORE\startup_stm32h743xx_ram.s
Comment: DFSDM1_FLT3_IRQHandler used once
DMA1_Stream0_IRQHandler 00000000

Symbol: DMA1_Stream0_IRQHandler
   Definitions
      At line 241 in file ..\CORE\startup_stm32h743xx_ram.s
   Uses
      At line 74 in file ..\CORE\startup_stm32h743xx_ram.s
Comment: DMA1_Stream0_IRQHandler used once
DMA1_Stream1_IRQHandler 00000000

Symbol: DMA1_Stream1_IRQHandler
   Definitions
      At line 242 in file ..\CORE\startup_stm32h743xx_ram.s
   Uses
      At line 75 in file ..\CORE\startup_stm32h743xx_ram.s
Comment: DMA1_Stream1_IRQHandler used once
DMA1_Stream2_IRQHandler 00000000

Symbol: DMA1_Stream2_IRQHandler
   Definitions
      At line 243 in file ..\CORE\startup_stm32h743xx_ram.s
   Uses
      At line 76 in file ..\CORE\startup_stm32h743xx_ram.s
Comment: DMA1_Stream2_IRQHandler used once
DMA1_Stream3_IRQHandler 00000000



ARM Macro Assembler    Page 4 Alphabetic symbol ordering
External symbols


Symbol: DMA1_Stream3_IRQHandler
   Definitions
      At line 244 in file ..\CORE\startup_stm32h743xx_ram.s
   Uses
      At line 77 in file ..\CORE\startup_stm32h743xx_ram.s
Comment: DMA1_Stream3_IRQHandler used once
DMA1_Stream4_IRQHandler 00000000

Symbol: DMA1_Stream4_IRQHandler
   Definitions
      At line 245 in file ..\CORE\startup_stm32h743xx_ram.s
   Uses
      At line 78 in file ..\CORE\startup_stm32h743xx_ram.s
Comment: DMA1_Stream4_IRQHandler used once
DMA1_Stream5_IRQHandler 00000000

Symbol: DMA1_Stream5_IRQHandler
   Definitions
      At line 246 in file ..\CORE\startup_stm32h743xx_ram.s
   Uses
      At line 79 in file ..\CORE\startup_stm32h743xx_ram.s
Comment: DMA1_Stream5_IRQHandler used once
DMA1_Stream6_IRQHandler 00000000

Symbol: DMA1_Stream6_IRQHandler
   Definitions
      At line 247 in file ..\CORE\startup_stm32h743xx_ram.s
   Uses
      At line 80 in file ..\CORE\startup_stm32h743xx_ram.s
Comment: DMA1_Stream6_IRQHandler used once
DMA1_Stream7_IRQHandler 00000000

Symbol: DMA1_Stream7_IRQHandler
   Definitions
      At line 276 in file ..\CORE\startup_stm32h743xx_ram.s
   Uses
      At line 110 in file ..\CORE\startup_stm32h743xx_ram.s
Comment: DMA1_Stream7_IRQHandler used once
DMA2D_IRQHandler 00000000

Symbol: DMA2D_IRQHandler
   Definitions
      At line 314 in file ..\CORE\startup_stm32h743xx_ram.s
   Uses
      At line 153 in file ..\CORE\startup_stm32h743xx_ram.s
Comment: DMA2D_IRQHandler used once
DMA2_Stream0_IRQHandler 00000000

Symbol: DMA2_Stream0_IRQHandler
   Definitions
      At line 285 in file ..\CORE\startup_stm32h743xx_ram.s
   Uses
      At line 119 in file ..\CORE\startup_stm32h743xx_ram.s
Comment: DMA2_Stream0_IRQHandler used once
DMA2_Stream1_IRQHandler 00000000

Symbol: DMA2_Stream1_IRQHandler
   Definitions



ARM Macro Assembler    Page 5 Alphabetic symbol ordering
External symbols

      At line 286 in file ..\CORE\startup_stm32h743xx_ram.s
   Uses
      At line 120 in file ..\CORE\startup_stm32h743xx_ram.s
Comment: DMA2_Stream1_IRQHandler used once
DMA2_Stream2_IRQHandler 00000000

Symbol: DMA2_Stream2_IRQHandler
   Definitions
      At line 287 in file ..\CORE\startup_stm32h743xx_ram.s
   Uses
      At line 121 in file ..\CORE\startup_stm32h743xx_ram.s
Comment: DMA2_Stream2_IRQHandler used once
DMA2_Stream3_IRQHandler 00000000

Symbol: DMA2_Stream3_IRQHandler
   Definitions
      At line 288 in file ..\CORE\startup_stm32h743xx_ram.s
   Uses
      At line 122 in file ..\CORE\startup_stm32h743xx_ram.s
Comment: DMA2_Stream3_IRQHandler used once
DMA2_Stream4_IRQHandler 00000000

Symbol: DMA2_Stream4_IRQHandler
   Definitions
      At line 289 in file ..\CORE\startup_stm32h743xx_ram.s
   Uses
      At line 123 in file ..\CORE\startup_stm32h743xx_ram.s
Comment: DMA2_Stream4_IRQHandler used once
DMA2_Stream5_IRQHandler 00000000

Symbol: DMA2_Stream5_IRQHandler
   Definitions
      At line 293 in file ..\CORE\startup_stm32h743xx_ram.s
   Uses
      At line 131 in file ..\CORE\startup_stm32h743xx_ram.s
Comment: DMA2_Stream5_IRQHandler used once
DMA2_Stream6_IRQHandler 00000000

Symbol: DMA2_Stream6_IRQHandler
   Definitions
      At line 294 in file ..\CORE\startup_stm32h743xx_ram.s
   Uses
      At line 132 in file ..\CORE\startup_stm32h743xx_ram.s
Comment: DMA2_Stream6_IRQHandler used once
DMA2_Stream7_IRQHandler 00000000

Symbol: DMA2_Stream7_IRQHandler
   Definitions
      At line 295 in file ..\CORE\startup_stm32h743xx_ram.s
   Uses
      At line 133 in file ..\CORE\startup_stm32h743xx_ram.s
Comment: DMA2_Stream7_IRQHandler used once
DMAMUX1_OVR_IRQHandler 00000000

Symbol: DMAMUX1_OVR_IRQHandler
   Definitions
      At line 326 in file ..\CORE\startup_stm32h743xx_ram.s
   Uses
      At line 165 in file ..\CORE\startup_stm32h743xx_ram.s



ARM Macro Assembler    Page 6 Alphabetic symbol ordering
External symbols

Comment: DMAMUX1_OVR_IRQHandler used once
DMAMUX2_OVR_IRQHandler 00000000

Symbol: DMAMUX2_OVR_IRQHandler
   Definitions
      At line 350 in file ..\CORE\startup_stm32h743xx_ram.s
   Uses
      At line 191 in file ..\CORE\startup_stm32h743xx_ram.s
Comment: DMAMUX2_OVR_IRQHandler used once
DebugMon_Handler 00000000

Symbol: DebugMon_Handler
   Definitions
      At line 226 in file ..\CORE\startup_stm32h743xx_ram.s
   Uses
      At line 57 in file ..\CORE\startup_stm32h743xx_ram.s
Comment: DebugMon_Handler used once
ETH_IRQHandler 00000000

Symbol: ETH_IRQHandler
   Definitions
      At line 290 in file ..\CORE\startup_stm32h743xx_ram.s
   Uses
      At line 124 in file ..\CORE\startup_stm32h743xx_ram.s
Comment: ETH_IRQHandler used once
ETH_WKUP_IRQHandler 00000000

Symbol: ETH_WKUP_IRQHandler
   Definitions
      At line 291 in file ..\CORE\startup_stm32h743xx_ram.s
   Uses
      At line 125 in file ..\CORE\startup_stm32h743xx_ram.s
Comment: ETH_WKUP_IRQHandler used once
EXTI0_IRQHandler 00000000

Symbol: EXTI0_IRQHandler
   Definitions
      At line 236 in file ..\CORE\startup_stm32h743xx_ram.s
   Uses
      At line 69 in file ..\CORE\startup_stm32h743xx_ram.s
Comment: EXTI0_IRQHandler used once
EXTI15_10_IRQHandler 00000000

Symbol: EXTI15_10_IRQHandler
   Definitions
      At line 270 in file ..\CORE\startup_stm32h743xx_ram.s
   Uses
      At line 103 in file ..\CORE\startup_stm32h743xx_ram.s
Comment: EXTI15_10_IRQHandler used once
EXTI1_IRQHandler 00000000

Symbol: EXTI1_IRQHandler
   Definitions
      At line 237 in file ..\CORE\startup_stm32h743xx_ram.s
   Uses
      At line 70 in file ..\CORE\startup_stm32h743xx_ram.s
Comment: EXTI1_IRQHandler used once
EXTI2_IRQHandler 00000000




ARM Macro Assembler    Page 7 Alphabetic symbol ordering
External symbols

Symbol: EXTI2_IRQHandler
   Definitions
      At line 238 in file ..\CORE\startup_stm32h743xx_ram.s
   Uses
      At line 71 in file ..\CORE\startup_stm32h743xx_ram.s
Comment: EXTI2_IRQHandler used once
EXTI3_IRQHandler 00000000

Symbol: EXTI3_IRQHandler
   Definitions
      At line 239 in file ..\CORE\startup_stm32h743xx_ram.s
   Uses
      At line 72 in file ..\CORE\startup_stm32h743xx_ram.s
Comment: EXTI3_IRQHandler used once
EXTI4_IRQHandler 00000000

Symbol: EXTI4_IRQHandler
   Definitions
      At line 240 in file ..\CORE\startup_stm32h743xx_ram.s
   Uses
      At line 73 in file ..\CORE\startup_stm32h743xx_ram.s
Comment: EXTI4_IRQHandler used once
EXTI9_5_IRQHandler 00000000

Symbol: EXTI9_5_IRQHandler
   Definitions
      At line 253 in file ..\CORE\startup_stm32h743xx_ram.s
   Uses
      At line 86 in file ..\CORE\startup_stm32h743xx_ram.s
Comment: EXTI9_5_IRQHandler used once
FDCAN1_IT0_IRQHandler 00000000

Symbol: FDCAN1_IT0_IRQHandler
   Definitions
      At line 249 in file ..\CORE\startup_stm32h743xx_ram.s
   Uses
      At line 82 in file ..\CORE\startup_stm32h743xx_ram.s
Comment: FDCAN1_IT0_IRQHandler used once
FDCAN1_IT1_IRQHandler 00000000

Symbol: FDCAN1_IT1_IRQHandler
   Definitions
      At line 251 in file ..\CORE\startup_stm32h743xx_ram.s
   Uses
      At line 84 in file ..\CORE\startup_stm32h743xx_ram.s
Comment: FDCAN1_IT1_IRQHandler used once
FDCAN2_IT0_IRQHandler 00000000

Symbol: FDCAN2_IT0_IRQHandler
   Definitions
      At line 250 in file ..\CORE\startup_stm32h743xx_ram.s
   Uses
      At line 83 in file ..\CORE\startup_stm32h743xx_ram.s
Comment: FDCAN2_IT0_IRQHandler used once
FDCAN2_IT1_IRQHandler 00000000

Symbol: FDCAN2_IT1_IRQHandler
   Definitions
      At line 252 in file ..\CORE\startup_stm32h743xx_ram.s



ARM Macro Assembler    Page 8 Alphabetic symbol ordering
External symbols

   Uses
      At line 85 in file ..\CORE\startup_stm32h743xx_ram.s
Comment: FDCAN2_IT1_IRQHandler used once
FDCAN_CAL_IRQHandler 00000000

Symbol: FDCAN_CAL_IRQHandler
   Definitions
      At line 292 in file ..\CORE\startup_stm32h743xx_ram.s
   Uses
      At line 126 in file ..\CORE\startup_stm32h743xx_ram.s
Comment: FDCAN_CAL_IRQHandler used once
FLASH_IRQHandler 00000000

Symbol: FLASH_IRQHandler
   Definitions
      At line 234 in file ..\CORE\startup_stm32h743xx_ram.s
   Uses
      At line 67 in file ..\CORE\startup_stm32h743xx_ram.s
Comment: FLASH_IRQHandler used once
FMC_IRQHandler 00000000

Symbol: FMC_IRQHandler
   Definitions
      At line 277 in file ..\CORE\startup_stm32h743xx_ram.s
   Uses
      At line 111 in file ..\CORE\startup_stm32h743xx_ram.s
Comment: FMC_IRQHandler used once
FPU_IRQHandler 00000000

Symbol: FPU_IRQHandler
   Definitions
      At line 305 in file ..\CORE\startup_stm32h743xx_ram.s
   Uses
      At line 144 in file ..\CORE\startup_stm32h743xx_ram.s
Comment: FPU_IRQHandler used once
HRTIM1_FLT_IRQHandler 00000000

Symbol: HRTIM1_FLT_IRQHandler
   Definitions
      At line 333 in file ..\CORE\startup_stm32h743xx_ram.s
   Uses
      At line 172 in file ..\CORE\startup_stm32h743xx_ram.s
Comment: HRTIM1_FLT_IRQHandler used once
HRTIM1_Master_IRQHandler 00000000

Symbol: HRTIM1_Master_IRQHandler
   Definitions
      At line 327 in file ..\CORE\startup_stm32h743xx_ram.s
   Uses
      At line 166 in file ..\CORE\startup_stm32h743xx_ram.s
Comment: HRTIM1_Master_IRQHandler used once
HRTIM1_TIMA_IRQHandler 00000000

Symbol: HRTIM1_TIMA_IRQHandler
   Definitions
      At line 328 in file ..\CORE\startup_stm32h743xx_ram.s
   Uses
      At line 167 in file ..\CORE\startup_stm32h743xx_ram.s
Comment: HRTIM1_TIMA_IRQHandler used once



ARM Macro Assembler    Page 9 Alphabetic symbol ordering
External symbols

HRTIM1_TIMB_IRQHandler 00000000

Symbol: HRTIM1_TIMB_IRQHandler
   Definitions
      At line 329 in file ..\CORE\startup_stm32h743xx_ram.s
   Uses
      At line 168 in file ..\CORE\startup_stm32h743xx_ram.s
Comment: HRTIM1_TIMB_IRQHandler used once
HRTIM1_TIMC_IRQHandler 00000000

Symbol: HRTIM1_TIMC_IRQHandler
   Definitions
      At line 330 in file ..\CORE\startup_stm32h743xx_ram.s
   Uses
      At line 169 in file ..\CORE\startup_stm32h743xx_ram.s
Comment: HRTIM1_TIMC_IRQHandler used once
HRTIM1_TIMD_IRQHandler 00000000

Symbol: HRTIM1_TIMD_IRQHandler
   Definitions
      At line 331 in file ..\CORE\startup_stm32h743xx_ram.s
   Uses
      At line 170 in file ..\CORE\startup_stm32h743xx_ram.s
Comment: HRTIM1_TIMD_IRQHandler used once
HRTIM1_TIME_IRQHandler 00000000

Symbol: HRTIM1_TIME_IRQHandler
   Definitions
      At line 332 in file ..\CORE\startup_stm32h743xx_ram.s
   Uses
      At line 171 in file ..\CORE\startup_stm32h743xx_ram.s
Comment: HRTIM1_TIME_IRQHandler used once
HSEM1_IRQHandler 00000000

Symbol: HSEM1_IRQHandler
   Definitions
      At line 348 in file ..\CORE\startup_stm32h743xx_ram.s
   Uses
      At line 188 in file ..\CORE\startup_stm32h743xx_ram.s
Comment: HSEM1_IRQHandler used once
HardFault_Handler 00000000

Symbol: HardFault_Handler
   Definitions
      At line 221 in file ..\CORE\startup_stm32h743xx_ram.s
   Uses
      At line 48 in file ..\CORE\startup_stm32h743xx_ram.s
Comment: HardFault_Handler used once
I2C1_ER_IRQHandler 00000000

Symbol: I2C1_ER_IRQHandler
   Definitions
      At line 262 in file ..\CORE\startup_stm32h743xx_ram.s
   Uses
      At line 95 in file ..\CORE\startup_stm32h743xx_ram.s
Comment: I2C1_ER_IRQHandler used once
I2C1_EV_IRQHandler 00000000

Symbol: I2C1_EV_IRQHandler



ARM Macro Assembler    Page 10 Alphabetic symbol ordering
External symbols

   Definitions
      At line 261 in file ..\CORE\startup_stm32h743xx_ram.s
   Uses
      At line 94 in file ..\CORE\startup_stm32h743xx_ram.s
Comment: I2C1_EV_IRQHandler used once
I2C2_ER_IRQHandler 00000000

Symbol: I2C2_ER_IRQHandler
   Definitions
      At line 264 in file ..\CORE\startup_stm32h743xx_ram.s
   Uses
      At line 97 in file ..\CORE\startup_stm32h743xx_ram.s
Comment: I2C2_ER_IRQHandler used once
I2C2_EV_IRQHandler 00000000

Symbol: I2C2_EV_IRQHandler
   Definitions
      At line 263 in file ..\CORE\startup_stm32h743xx_ram.s
   Uses
      At line 96 in file ..\CORE\startup_stm32h743xx_ram.s
Comment: I2C2_EV_IRQHandler used once
I2C3_ER_IRQHandler 00000000

Symbol: I2C3_ER_IRQHandler
   Definitions
      At line 298 in file ..\CORE\startup_stm32h743xx_ram.s
   Uses
      At line 136 in file ..\CORE\startup_stm32h743xx_ram.s
Comment: I2C3_ER_IRQHandler used once
I2C3_EV_IRQHandler 00000000

Symbol: I2C3_EV_IRQHandler
   Definitions
      At line 297 in file ..\CORE\startup_stm32h743xx_ram.s
   Uses
      At line 135 in file ..\CORE\startup_stm32h743xx_ram.s
Comment: I2C3_EV_IRQHandler used once
I2C4_ER_IRQHandler 00000000

Symbol: I2C4_ER_IRQHandler
   Definitions
      At line 320 in file ..\CORE\startup_stm32h743xx_ram.s
   Uses
      At line 159 in file ..\CORE\startup_stm32h743xx_ram.s
Comment: I2C4_ER_IRQHandler used once
I2C4_EV_IRQHandler 00000000

Symbol: I2C4_EV_IRQHandler
   Definitions
      At line 319 in file ..\CORE\startup_stm32h743xx_ram.s
   Uses
      At line 158 in file ..\CORE\startup_stm32h743xx_ram.s
Comment: I2C4_EV_IRQHandler used once
JPEG_IRQHandler 00000000

Symbol: JPEG_IRQHandler
   Definitions
      At line 345 in file ..\CORE\startup_stm32h743xx_ram.s
   Uses



ARM Macro Assembler    Page 11 Alphabetic symbol ordering
External symbols

      At line 184 in file ..\CORE\startup_stm32h743xx_ram.s
Comment: JPEG_IRQHandler used once
LPTIM1_IRQHandler 00000000

Symbol: LPTIM1_IRQHandler
   Definitions
      At line 317 in file ..\CORE\startup_stm32h743xx_ram.s
   Uses
      At line 156 in file ..\CORE\startup_stm32h743xx_ram.s
Comment: LPTIM1_IRQHandler used once
LPTIM2_IRQHandler 00000000

Symbol: LPTIM2_IRQHandler
   Definitions
      At line 360 in file ..\CORE\startup_stm32h743xx_ram.s
   Uses
      At line 201 in file ..\CORE\startup_stm32h743xx_ram.s
Comment: LPTIM2_IRQHandler used once
LPTIM3_IRQHandler 00000000

Symbol: LPTIM3_IRQHandler
   Definitions
      At line 361 in file ..\CORE\startup_stm32h743xx_ram.s
   Uses
      At line 202 in file ..\CORE\startup_stm32h743xx_ram.s
Comment: LPTIM3_IRQHandler used once
LPTIM4_IRQHandler 00000000

Symbol: LPTIM4_IRQHandler
   Definitions
      At line 362 in file ..\CORE\startup_stm32h743xx_ram.s
   Uses
      At line 203 in file ..\CORE\startup_stm32h743xx_ram.s
Comment: LPTIM4_IRQHandler used once
LPTIM5_IRQHandler 00000000

Symbol: LPTIM5_IRQHandler
   Definitions
      At line 363 in file ..\CORE\startup_stm32h743xx_ram.s
   Uses
      At line 204 in file ..\CORE\startup_stm32h743xx_ram.s
Comment: LPTIM5_IRQHandler used once
LPUART1_IRQHandler 00000000

Symbol: LPUART1_IRQHandler
   Definitions
      At line 364 in file ..\CORE\startup_stm32h743xx_ram.s
   Uses
      At line 205 in file ..\CORE\startup_stm32h743xx_ram.s
Comment: LPUART1_IRQHandler used once
LTDC_ER_IRQHandler 00000000

Symbol: LTDC_ER_IRQHandler
   Definitions
      At line 313 in file ..\CORE\startup_stm32h743xx_ram.s
   Uses
      At line 152 in file ..\CORE\startup_stm32h743xx_ram.s
Comment: LTDC_ER_IRQHandler used once
LTDC_IRQHandler 00000000



ARM Macro Assembler    Page 12 Alphabetic symbol ordering
External symbols


Symbol: LTDC_IRQHandler
   Definitions
      At line 312 in file ..\CORE\startup_stm32h743xx_ram.s
   Uses
      At line 151 in file ..\CORE\startup_stm32h743xx_ram.s
Comment: LTDC_IRQHandler used once
MDIOS_IRQHandler 00000000

Symbol: MDIOS_IRQHandler
   Definitions
      At line 344 in file ..\CORE\startup_stm32h743xx_ram.s
   Uses
      At line 183 in file ..\CORE\startup_stm32h743xx_ram.s
Comment: MDIOS_IRQHandler used once
MDIOS_WKUP_IRQHandler 00000000

Symbol: MDIOS_WKUP_IRQHandler
   Definitions
      At line 343 in file ..\CORE\startup_stm32h743xx_ram.s
   Uses
      At line 182 in file ..\CORE\startup_stm32h743xx_ram.s
Comment: MDIOS_WKUP_IRQHandler used once
MDMA_IRQHandler 00000000

Symbol: MDMA_IRQHandler
   Definitions
      At line 346 in file ..\CORE\startup_stm32h743xx_ram.s
   Uses
      At line 185 in file ..\CORE\startup_stm32h743xx_ram.s
Comment: MDMA_IRQHandler used once
MemManage_Handler 00000000

Symbol: MemManage_Handler
   Definitions
      At line 222 in file ..\CORE\startup_stm32h743xx_ram.s
   Uses
      At line 49 in file ..\CORE\startup_stm32h743xx_ram.s
Comment: MemManage_Handler used once
NMI_Handler 00000000

Symbol: NMI_Handler
   Definitions
      At line 220 in file ..\CORE\startup_stm32h743xx_ram.s
   Uses
      At line 47 in file ..\CORE\startup_stm32h743xx_ram.s
Comment: NMI_Handler used once
OTG_FS_EP1_IN_IRQHandler 00000000

Symbol: OTG_FS_EP1_IN_IRQHandler
   Definitions
      At line 323 in file ..\CORE\startup_stm32h743xx_ram.s
   Uses
      At line 162 in file ..\CORE\startup_stm32h743xx_ram.s
Comment: OTG_FS_EP1_IN_IRQHandler used once
OTG_FS_EP1_OUT_IRQHandler 00000000

Symbol: OTG_FS_EP1_OUT_IRQHandler
   Definitions



ARM Macro Assembler    Page 13 Alphabetic symbol ordering
External symbols

      At line 322 in file ..\CORE\startup_stm32h743xx_ram.s
   Uses
      At line 161 in file ..\CORE\startup_stm32h743xx_ram.s
Comment: OTG_FS_EP1_OUT_IRQHandler used once
OTG_FS_IRQHandler 00000000

Symbol: OTG_FS_IRQHandler
   Definitions
      At line 325 in file ..\CORE\startup_stm32h743xx_ram.s
   Uses
      At line 164 in file ..\CORE\startup_stm32h743xx_ram.s
Comment: OTG_FS_IRQHandler used once
OTG_FS_WKUP_IRQHandler 00000000

Symbol: OTG_FS_WKUP_IRQHandler
   Definitions
      At line 324 in file ..\CORE\startup_stm32h743xx_ram.s
   Uses
      At line 163 in file ..\CORE\startup_stm32h743xx_ram.s
Comment: OTG_FS_WKUP_IRQHandler used once
OTG_HS_EP1_IN_IRQHandler 00000000

Symbol: OTG_HS_EP1_IN_IRQHandler
   Definitions
      At line 300 in file ..\CORE\startup_stm32h743xx_ram.s
   Uses
      At line 138 in file ..\CORE\startup_stm32h743xx_ram.s
Comment: OTG_HS_EP1_IN_IRQHandler used once
OTG_HS_EP1_OUT_IRQHandler 00000000

Symbol: OTG_HS_EP1_OUT_IRQHandler
   Definitions
      At line 299 in file ..\CORE\startup_stm32h743xx_ram.s
   Uses
      At line 137 in file ..\CORE\startup_stm32h743xx_ram.s
Comment: OTG_HS_EP1_OUT_IRQHandler used once
OTG_HS_IRQHandler 00000000

Symbol: OTG_HS_IRQHandler
   Definitions
      At line 302 in file ..\CORE\startup_stm32h743xx_ram.s
   Uses
      At line 140 in file ..\CORE\startup_stm32h743xx_ram.s
Comment: OTG_HS_IRQHandler used once
OTG_HS_WKUP_IRQHandler 00000000

Symbol: OTG_HS_WKUP_IRQHandler
   Definitions
      At line 301 in file ..\CORE\startup_stm32h743xx_ram.s
   Uses
      At line 139 in file ..\CORE\startup_stm32h743xx_ram.s
Comment: OTG_HS_WKUP_IRQHandler used once
PVD_AVD_IRQHandler 00000000

Symbol: PVD_AVD_IRQHandler
   Definitions
      At line 231 in file ..\CORE\startup_stm32h743xx_ram.s
   Uses
      At line 64 in file ..\CORE\startup_stm32h743xx_ram.s



ARM Macro Assembler    Page 14 Alphabetic symbol ordering
External symbols

Comment: PVD_AVD_IRQHandler used once
PendSV_Handler 00000000

Symbol: PendSV_Handler
   Definitions
      At line 227 in file ..\CORE\startup_stm32h743xx_ram.s
   Uses
      At line 59 in file ..\CORE\startup_stm32h743xx_ram.s
Comment: PendSV_Handler used once
QUADSPI_IRQHandler 00000000

Symbol: QUADSPI_IRQHandler
   Definitions
      At line 316 in file ..\CORE\startup_stm32h743xx_ram.s
   Uses
      At line 155 in file ..\CORE\startup_stm32h743xx_ram.s
Comment: QUADSPI_IRQHandler used once
RCC_IRQHandler 00000000

Symbol: RCC_IRQHandler
   Definitions
      At line 235 in file ..\CORE\startup_stm32h743xx_ram.s
   Uses
      At line 68 in file ..\CORE\startup_stm32h743xx_ram.s
Comment: RCC_IRQHandler used once
RNG_IRQHandler 00000000

Symbol: RNG_IRQHandler
   Definitions
      At line 304 in file ..\CORE\startup_stm32h743xx_ram.s
   Uses
      At line 143 in file ..\CORE\startup_stm32h743xx_ram.s
Comment: RNG_IRQHandler used once
RTC_Alarm_IRQHandler 00000000

Symbol: RTC_Alarm_IRQHandler
   Definitions
      At line 271 in file ..\CORE\startup_stm32h743xx_ram.s
   Uses
      At line 104 in file ..\CORE\startup_stm32h743xx_ram.s
Comment: RTC_Alarm_IRQHandler used once
RTC_WKUP_IRQHandler 00000000

Symbol: RTC_WKUP_IRQHandler
   Definitions
      At line 233 in file ..\CORE\startup_stm32h743xx_ram.s
   Uses
      At line 66 in file ..\CORE\startup_stm32h743xx_ram.s
Comment: RTC_WKUP_IRQHandler used once
SAI1_IRQHandler 00000000

Symbol: SAI1_IRQHandler
   Definitions
      At line 311 in file ..\CORE\startup_stm32h743xx_ram.s
   Uses
      At line 150 in file ..\CORE\startup_stm32h743xx_ram.s
Comment: SAI1_IRQHandler used once
SAI2_IRQHandler 00000000




ARM Macro Assembler    Page 15 Alphabetic symbol ordering
External symbols

Symbol: SAI2_IRQHandler
   Definitions
      At line 315 in file ..\CORE\startup_stm32h743xx_ram.s
   Uses
      At line 154 in file ..\CORE\startup_stm32h743xx_ram.s
Comment: SAI2_IRQHandler used once
SAI3_IRQHandler 00000000

Symbol: SAI3_IRQHandler
   Definitions
      At line 338 in file ..\CORE\startup_stm32h743xx_ram.s
   Uses
      At line 177 in file ..\CORE\startup_stm32h743xx_ram.s
Comment: SAI3_IRQHandler used once
SAI4_IRQHandler 00000000

Symbol: SAI4_IRQHandler
   Definitions
      At line 366 in file ..\CORE\startup_stm32h743xx_ram.s
   Uses
      At line 209 in file ..\CORE\startup_stm32h743xx_ram.s
Comment: SAI4_IRQHandler used once
SDMMC1_IRQHandler 00000000

Symbol: SDMMC1_IRQHandler
   Definitions
      At line 278 in file ..\CORE\startup_stm32h743xx_ram.s
   Uses
      At line 112 in file ..\CORE\startup_stm32h743xx_ram.s
Comment: SDMMC1_IRQHandler used once
SDMMC2_IRQHandler 00000000

Symbol: SDMMC2_IRQHandler
   Definitions
      At line 347 in file ..\CORE\startup_stm32h743xx_ram.s
   Uses
      At line 187 in file ..\CORE\startup_stm32h743xx_ram.s
Comment: SDMMC2_IRQHandler used once
SPDIF_RX_IRQHandler 00000000

Symbol: SPDIF_RX_IRQHandler
   Definitions
      At line 321 in file ..\CORE\startup_stm32h743xx_ram.s
   Uses
      At line 160 in file ..\CORE\startup_stm32h743xx_ram.s
Comment: SPDIF_RX_IRQHandler used once
SPI1_IRQHandler 00000000

Symbol: SPI1_IRQHandler
   Definitions
      At line 265 in file ..\CORE\startup_stm32h743xx_ram.s
   Uses
      At line 98 in file ..\CORE\startup_stm32h743xx_ram.s
Comment: SPI1_IRQHandler used once
SPI2_IRQHandler 00000000

Symbol: SPI2_IRQHandler
   Definitions
      At line 266 in file ..\CORE\startup_stm32h743xx_ram.s



ARM Macro Assembler    Page 16 Alphabetic symbol ordering
External symbols

   Uses
      At line 99 in file ..\CORE\startup_stm32h743xx_ram.s
Comment: SPI2_IRQHandler used once
SPI3_IRQHandler 00000000

Symbol: SPI3_IRQHandler
   Definitions
      At line 280 in file ..\CORE\startup_stm32h743xx_ram.s
   Uses
      At line 114 in file ..\CORE\startup_stm32h743xx_ram.s
Comment: SPI3_IRQHandler used once
SPI4_IRQHandler 00000000

Symbol: SPI4_IRQHandler
   Definitions
      At line 308 in file ..\CORE\startup_stm32h743xx_ram.s
   Uses
      At line 147 in file ..\CORE\startup_stm32h743xx_ram.s
Comment: SPI4_IRQHandler used once
SPI5_IRQHandler 00000000

Symbol: SPI5_IRQHandler
   Definitions
      At line 309 in file ..\CORE\startup_stm32h743xx_ram.s
   Uses
      At line 148 in file ..\CORE\startup_stm32h743xx_ram.s
Comment: SPI5_IRQHandler used once
SPI6_IRQHandler 00000000

Symbol: SPI6_IRQHandler
   Definitions
      At line 310 in file ..\CORE\startup_stm32h743xx_ram.s
   Uses
      At line 149 in file ..\CORE\startup_stm32h743xx_ram.s
Comment: SPI6_IRQHandler used once
SVC_Handler 00000000

Symbol: SVC_Handler
   Definitions
      At line 225 in file ..\CORE\startup_stm32h743xx_ram.s
   Uses
      At line 56 in file ..\CORE\startup_stm32h743xx_ram.s
Comment: SVC_Handler used once
SWPMI1_IRQHandler 00000000

Symbol: SWPMI1_IRQHandler
   Definitions
      At line 339 in file ..\CORE\startup_stm32h743xx_ram.s
   Uses
      At line 178 in file ..\CORE\startup_stm32h743xx_ram.s
Comment: SWPMI1_IRQHandler used once
SysTick_Handler 00000000

Symbol: SysTick_Handler
   Definitions
      At line 228 in file ..\CORE\startup_stm32h743xx_ram.s
   Uses
      At line 60 in file ..\CORE\startup_stm32h743xx_ram.s
Comment: SysTick_Handler used once



ARM Macro Assembler    Page 17 Alphabetic symbol ordering
External symbols

TAMP_STAMP_IRQHandler 00000000

Symbol: TAMP_STAMP_IRQHandler
   Definitions
      At line 232 in file ..\CORE\startup_stm32h743xx_ram.s
   Uses
      At line 65 in file ..\CORE\startup_stm32h743xx_ram.s
Comment: TAMP_STAMP_IRQHandler used once
TIM15_IRQHandler 00000000

Symbol: TIM15_IRQHandler
   Definitions
      At line 340 in file ..\CORE\startup_stm32h743xx_ram.s
   Uses
      At line 179 in file ..\CORE\startup_stm32h743xx_ram.s
Comment: TIM15_IRQHandler used once
TIM16_IRQHandler 00000000

Symbol: TIM16_IRQHandler
   Definitions
      At line 341 in file ..\CORE\startup_stm32h743xx_ram.s
   Uses
      At line 180 in file ..\CORE\startup_stm32h743xx_ram.s
Comment: TIM16_IRQHandler used once
TIM17_IRQHandler 00000000

Symbol: TIM17_IRQHandler
   Definitions
      At line 342 in file ..\CORE\startup_stm32h743xx_ram.s
   Uses
      At line 181 in file ..\CORE\startup_stm32h743xx_ram.s
Comment: TIM17_IRQHandler used once
TIM1_BRK_IRQHandler 00000000

Symbol: TIM1_BRK_IRQHandler
   Definitions
      At line 254 in file ..\CORE\startup_stm32h743xx_ram.s
   Uses
      At line 87 in file ..\CORE\startup_stm32h743xx_ram.s
Comment: TIM1_BRK_IRQHandler used once
TIM1_CC_IRQHandler 00000000

Symbol: TIM1_CC_IRQHandler
   Definitions
      At line 257 in file ..\CORE\startup_stm32h743xx_ram.s
   Uses
      At line 90 in file ..\CORE\startup_stm32h743xx_ram.s
Comment: TIM1_CC_IRQHandler used once
TIM1_TRG_COM_IRQHandler 00000000

Symbol: TIM1_TRG_COM_IRQHandler
   Definitions
      At line 256 in file ..\CORE\startup_stm32h743xx_ram.s
   Uses
      At line 89 in file ..\CORE\startup_stm32h743xx_ram.s
Comment: TIM1_TRG_COM_IRQHandler used once
TIM1_UP_IRQHandler 00000000

Symbol: TIM1_UP_IRQHandler



ARM Macro Assembler    Page 18 Alphabetic symbol ordering
External symbols

   Definitions
      At line 255 in file ..\CORE\startup_stm32h743xx_ram.s
   Uses
      At line 88 in file ..\CORE\startup_stm32h743xx_ram.s
Comment: TIM1_UP_IRQHandler used once
TIM2_IRQHandler 00000000

Symbol: TIM2_IRQHandler
   Definitions
      At line 258 in file ..\CORE\startup_stm32h743xx_ram.s
   Uses
      At line 91 in file ..\CORE\startup_stm32h743xx_ram.s
Comment: TIM2_IRQHandler used once
TIM3_IRQHandler 00000000

Symbol: TIM3_IRQHandler
   Definitions
      At line 259 in file ..\CORE\startup_stm32h743xx_ram.s
   Uses
      At line 92 in file ..\CORE\startup_stm32h743xx_ram.s
Comment: TIM3_IRQHandler used once
TIM4_IRQHandler 00000000

Symbol: TIM4_IRQHandler
   Definitions
      At line 260 in file ..\CORE\startup_stm32h743xx_ram.s
   Uses
      At line 93 in file ..\CORE\startup_stm32h743xx_ram.s
Comment: TIM4_IRQHandler used once
TIM5_IRQHandler 00000000

Symbol: TIM5_IRQHandler
   Definitions
      At line 279 in file ..\CORE\startup_stm32h743xx_ram.s
   Uses
      At line 113 in file ..\CORE\startup_stm32h743xx_ram.s
Comment: TIM5_IRQHandler used once
TIM6_DAC_IRQHandler 00000000

Symbol: TIM6_DAC_IRQHandler
   Definitions
      At line 283 in file ..\CORE\startup_stm32h743xx_ram.s
   Uses
      At line 117 in file ..\CORE\startup_stm32h743xx_ram.s
Comment: TIM6_DAC_IRQHandler used once
TIM7_IRQHandler 00000000

Symbol: TIM7_IRQHandler
   Definitions
      At line 284 in file ..\CORE\startup_stm32h743xx_ram.s
   Uses
      At line 118 in file ..\CORE\startup_stm32h743xx_ram.s
Comment: TIM7_IRQHandler used once
TIM8_BRK_TIM12_IRQHandler 00000000

Symbol: TIM8_BRK_TIM12_IRQHandler
   Definitions
      At line 272 in file ..\CORE\startup_stm32h743xx_ram.s
   Uses



ARM Macro Assembler    Page 19 Alphabetic symbol ordering
External symbols

      At line 106 in file ..\CORE\startup_stm32h743xx_ram.s
Comment: TIM8_BRK_TIM12_IRQHandler used once
TIM8_CC_IRQHandler 00000000

Symbol: TIM8_CC_IRQHandler
   Definitions
      At line 275 in file ..\CORE\startup_stm32h743xx_ram.s
   Uses
      At line 109 in file ..\CORE\startup_stm32h743xx_ram.s
Comment: TIM8_CC_IRQHandler used once
TIM8_TRG_COM_TIM14_IRQHandler 00000000

Symbol: TIM8_TRG_COM_TIM14_IRQHandler
   Definitions
      At line 274 in file ..\CORE\startup_stm32h743xx_ram.s
   Uses
      At line 108 in file ..\CORE\startup_stm32h743xx_ram.s
Comment: TIM8_TRG_COM_TIM14_IRQHandler used once
TIM8_UP_TIM13_IRQHandler 00000000

Symbol: TIM8_UP_TIM13_IRQHandler
   Definitions
      At line 273 in file ..\CORE\startup_stm32h743xx_ram.s
   Uses
      At line 107 in file ..\CORE\startup_stm32h743xx_ram.s
Comment: TIM8_UP_TIM13_IRQHandler used once
UART4_IRQHandler 00000000

Symbol: UART4_IRQHandler
   Definitions
      At line 281 in file ..\CORE\startup_stm32h743xx_ram.s
   Uses
      At line 115 in file ..\CORE\startup_stm32h743xx_ram.s
Comment: UART4_IRQHandler used once
UART5_IRQHandler 00000000

Symbol: UART5_IRQHandler
   Definitions
      At line 282 in file ..\CORE\startup_stm32h743xx_ram.s
   Uses
      At line 116 in file ..\CORE\startup_stm32h743xx_ram.s
Comment: UART5_IRQHandler used once
UART7_IRQHandler 00000000

Symbol: UART7_IRQHandler
   Definitions
      At line 306 in file ..\CORE\startup_stm32h743xx_ram.s
   Uses
      At line 145 in file ..\CORE\startup_stm32h743xx_ram.s
Comment: UART7_IRQHandler used once
UART8_IRQHandler 00000000

Symbol: UART8_IRQHandler
   Definitions
      At line 307 in file ..\CORE\startup_stm32h743xx_ram.s
   Uses
      At line 146 in file ..\CORE\startup_stm32h743xx_ram.s
Comment: UART8_IRQHandler used once
USART1_IRQHandler 00000000



ARM Macro Assembler    Page 20 Alphabetic symbol ordering
External symbols


Symbol: USART1_IRQHandler
   Definitions
      At line 267 in file ..\CORE\startup_stm32h743xx_ram.s
   Uses
      At line 100 in file ..\CORE\startup_stm32h743xx_ram.s
Comment: USART1_IRQHandler used once
USART2_IRQHandler 00000000

Symbol: USART2_IRQHandler
   Definitions
      At line 268 in file ..\CORE\startup_stm32h743xx_ram.s
   Uses
      At line 101 in file ..\CORE\startup_stm32h743xx_ram.s
Comment: USART2_IRQHandler used once
USART3_IRQHandler 00000000

Symbol: USART3_IRQHandler
   Definitions
      At line 269 in file ..\CORE\startup_stm32h743xx_ram.s
   Uses
      At line 102 in file ..\CORE\startup_stm32h743xx_ram.s
Comment: USART3_IRQHandler used once
USART6_IRQHandler 00000000

Symbol: USART6_IRQHandler
   Definitions
      At line 296 in file ..\CORE\startup_stm32h743xx_ram.s
   Uses
      At line 134 in file ..\CORE\startup_stm32h743xx_ram.s
Comment: USART6_IRQHandler used once
UsageFault_Handler 00000000

Symbol: UsageFault_Handler
   Definitions
      At line 224 in file ..\CORE\startup_stm32h743xx_ram.s
   Uses
      At line 51 in file ..\CORE\startup_stm32h743xx_ram.s
Comment: UsageFault_Handler used once
WAKEUP_PIN_IRQHandler 00000000

Symbol: WAKEUP_PIN_IRQHandler
   Definitions
      At line 367 in file ..\CORE\startup_stm32h743xx_ram.s
   Uses
      At line 212 in file ..\CORE\startup_stm32h743xx_ram.s
Comment: WAKEUP_PIN_IRQHandler used once
WWDG_IRQHandler 00000000

Symbol: WWDG_IRQHandler
   Definitions
      At line 230 in file ..\CORE\startup_stm32h743xx_ram.s
   Uses
      At line 63 in file ..\CORE\startup_stm32h743xx_ram.s
Comment: WWDG_IRQHandler used once
147 symbols
486 symbols in table
